<?xml version="1.0" encoding="UTF-8"?>
<!-- Generated by org.testng.reporters.JUnitReportReporter -->
<testsuite hostname="Home-MainPC" failures="0" tests="1" name="com.ramesh.seleniumPractice.basics.day1.PageVerification" time="24.389" errors="0" timestamp="20 Jun. 2021 18:53:09 GMT" skipped="0">
  <testcase classname="com.ramesh.seleniumPractice.basics.day1.PageVerification" name="myAccountPagevalidation" time="24.389"/>
</testsuite> <!-- com.ramesh.seleniumPractice.basics.day1.PageVerification -->
