<?xml version="1.0" encoding="UTF-8"?>
<!-- Generated by org.testng.reporters.JUnitReportReporter -->
<testsuite hostname="Home-MainPC" failures="0" tests="1" name="com.ramesh.seleniumPractice.basics.day1.WebDriverCommands" time="11.853" errors="0" timestamp="20 Jun. 2021 18:31:54 GMT" skipped="0">
  <testcase classname="com.ramesh.seleniumPractice.basics.day1.WebDriverCommands" name="signinToTheApplication" time="11.853"/>
</testsuite> <!-- com.ramesh.seleniumPractice.basics.day1.WebDriverCommands -->
