<?xml version="1.0" encoding="UTF-8"?>
<!-- Generated by org.testng.reporters.JUnitReportReporter -->
<testsuite skipped="0" hostname="DESKTOP-49SMAUG" name="com.ramesh.seleniumPractice.basics.day1.SeleniumBasicsPractice" tests="1" failures="0" timestamp="24 Mar 2018 01:19:10 GMT" time="5.938" errors="0">
  <testcase name="startSelenium" time="5.938" classname="com.ramesh.seleniumPractice.basics.day1.SeleniumBasicsPractice"/>
</testsuite> <!-- com.ramesh.seleniumPractice.basics.day1.SeleniumBasicsPractice -->
