<?xml version="1.0" encoding="UTF-8"?>
<!-- Generated by org.testng.reporters.JUnitReportReporter -->
<testsuite skipped="0" hostname="DESKTOP-49SMAUG" name="com.ramesh.seleniumPractice.basics.day1.WebDriverCommands" tests="1" failures="0" timestamp="24 Mar 2018 02:19:43 GMT" time="12.182" errors="0">
  <testcase name="signinToTheApplication" time="12.182" classname="com.ramesh.seleniumPractice.basics.day1.WebDriverCommands"/>
</testsuite> <!-- com.ramesh.seleniumPractice.basics.day1.WebDriverCommands -->
