<?xml version="1.0" encoding="UTF-8"?>
<!-- Generated by org.testng.reporters.JUnitReportReporter -->
<testsuite hostname="Home-MainPC" failures="0" tests="1" name="com.ramesh.seleniumPractice.basics.day1.NavigationPageVerificationTestCases" time="21.314" errors="0" timestamp="20 Jun. 2021 19:50:47 GMT" skipped="0">
  <testcase classname="com.ramesh.seleniumPractice.basics.day1.NavigationPageVerificationTestCases" name="myAccountPagevalidation" time="21.314"/>
</testsuite> <!-- com.ramesh.seleniumPractice.basics.day1.NavigationPageVerificationTestCases -->
