<?xml version="1.0" encoding="UTF-8"?>
<!-- Generated by org.testng.reporters.JUnitReportReporter -->
<testsuite skipped="0" hostname="DESKTOP-49SMAUG" name="com.ramesh.seleniumPractice.basics.day1.PageVerification" tests="1" failures="0" timestamp="25 Mar 2018 00:35:41 GMT" time="20.554" errors="0">
  <testcase name="myAccountPagevalidation" time="20.554" classname="com.ramesh.seleniumPractice.basics.day1.PageVerification"/>
</testsuite> <!-- com.ramesh.seleniumPractice.basics.day1.PageVerification -->
