<?xml version="1.0" encoding="UTF-8"?>
<!-- Generated by org.testng.reporters.JUnitReportReporter -->
<testsuite hostname="Home-MainPC" failures="0" tests="1" name="com.ramesh.seleniumPractice.basics.day1.RegistrationTestCases" time="23.847" errors="0" timestamp="20 Jun. 2021 18:40:40 GMT" skipped="0">
  <testcase classname="com.ramesh.seleniumPractice.basics.day1.RegistrationTestCases" name="createAccount" time="23.847"/>
</testsuite> <!-- com.ramesh.seleniumPractice.basics.day1.RegistrationTestCases -->
