<?xml version="1.0" encoding="UTF-8"?>
<!-- Generated by org.testng.reporters.JUnitReportReporter -->
<testsuite skipped="0" hostname="DESKTOP-49SMAUG" name="com.ramesh.seleniumPractice.basics.day1.NavigationPageVerificationTestCases" tests="2" failures="0" timestamp="24 Mar 2018 22:21:34 GMT" time="34.490" errors="0">
  <testcase name="footerPageValidation" time="19.761" classname="com.ramesh.seleniumPractice.basics.day1.NavigationPageVerificationTestCases"/>
  <testcase name="myAccountPagevalidation" time="14.729" classname="com.ramesh.seleniumPractice.basics.day1.NavigationPageVerificationTestCases"/>
</testsuite> <!-- com.ramesh.seleniumPractice.basics.day1.NavigationPageVerificationTestCases -->
